DEBUG - 2025-12-04 23:28:30 --> Session: Class initialized using 'CodeIgniter\Session\Handlers\FileHandler' driver.
ERROR - 2025-12-04 23:33:14 --> mysqli_sql_exception: Table 'lms_gagni.users' doesn't exist in C:\xampp\htdocs\ITE311-GAGNI\system\Database\MySQLi\Connection.php:327
Stack trace:
#0 C:\xampp\htdocs\ITE311-GAGNI\system\Database\MySQLi\Connection.php(327): mysqli->query('INSERT INTO `us...', 0)
#1 C:\xampp\htdocs\ITE311-GAGNI\system\Database\BaseConnection.php(729): CodeIgniter\Database\MySQLi\Connection->execute('INSERT INTO `us...')
#2 C:\xampp\htdocs\ITE311-GAGNI\system\Database\BaseConnection.php(646): CodeIgniter\Database\BaseConnection->simpleQuery('INSERT INTO `us...')
#3 C:\xampp\htdocs\ITE311-GAGNI\system\Database\BaseBuilder.php(1841): CodeIgniter\Database\BaseConnection->query('INSERT INTO `us...', NULL, false)
#4 C:\xampp\htdocs\ITE311-GAGNI\system\Database\BaseBuilder.php(2230): CodeIgniter\Database\BaseBuilder->batchExecute('_insertBatch', 100)
#5 C:\xampp\htdocs\ITE311-GAGNI\app\Database\Seeds\UserSeeder.php(47): CodeIgniter\Database\BaseBuilder->insertBatch(Array)
#6 C:\xampp\htdocs\ITE311-GAGNI\system\Database\Seeder.php(149): App\Database\Seeds\UserSeeder->run()
#7 C:\xampp\htdocs\ITE311-GAGNI\app\Database\Seeds\DatabaseSeeder.php(12): CodeIgniter\Database\Seeder->call('App\\Database\\Se...')
#8 C:\xampp\htdocs\ITE311-GAGNI\system\Database\Seeder.php(149): App\Database\Seeds\DatabaseSeeder->run()
#9 C:\xampp\htdocs\ITE311-GAGNI\system\Commands\Database\Seed.php(79): CodeIgniter\Database\Seeder->call('App\\Database\\Se...')
#10 C:\xampp\htdocs\ITE311-GAGNI\system\CLI\Commands.php(74): CodeIgniter\Commands\Database\Seed->run(Array)
#11 C:\xampp\htdocs\ITE311-GAGNI\system\CLI\Console.php(47): CodeIgniter\CLI\Commands->run('db:seed', Array)
#12 C:\xampp\htdocs\ITE311-GAGNI\system\Boot.php(388): CodeIgniter\CLI\Console->run()
#13 C:\xampp\htdocs\ITE311-GAGNI\system\Boot.php(133): CodeIgniter\Boot::runCommand(Object(CodeIgniter\CLI\Console))
#14 C:\xampp\htdocs\ITE311-GAGNI\spark(87): CodeIgniter\Boot::bootSpark(Object(Config\Paths))
#15 {main}
ERROR - 2025-12-04 23:33:31 --> mysqli_sql_exception: Unknown column 'first_name' in 'field list' in C:\xampp\htdocs\ITE311-GAGNI\system\Database\MySQLi\Connection.php:327
Stack trace:
#0 C:\xampp\htdocs\ITE311-GAGNI\system\Database\MySQLi\Connection.php(327): mysqli->query('INSERT INTO `us...', 0)
#1 C:\xampp\htdocs\ITE311-GAGNI\system\Database\BaseConnection.php(729): CodeIgniter\Database\MySQLi\Connection->execute('INSERT INTO `us...')
#2 C:\xampp\htdocs\ITE311-GAGNI\system\Database\BaseConnection.php(646): CodeIgniter\Database\BaseConnection->simpleQuery('INSERT INTO `us...')
#3 C:\xampp\htdocs\ITE311-GAGNI\system\Database\BaseBuilder.php(1841): CodeIgniter\Database\BaseConnection->query('INSERT INTO `us...', NULL, false)
#4 C:\xampp\htdocs\ITE311-GAGNI\system\Database\BaseBuilder.php(2230): CodeIgniter\Database\BaseBuilder->batchExecute('_insertBatch', 100)
#5 C:\xampp\htdocs\ITE311-GAGNI\app\Database\Seeds\UserSeeder.php(47): CodeIgniter\Database\BaseBuilder->insertBatch(Array)
#6 C:\xampp\htdocs\ITE311-GAGNI\system\Database\Seeder.php(149): App\Database\Seeds\UserSeeder->run()
#7 C:\xampp\htdocs\ITE311-GAGNI\app\Database\Seeds\DatabaseSeeder.php(12): CodeIgniter\Database\Seeder->call('App\\Database\\Se...')
#8 C:\xampp\htdocs\ITE311-GAGNI\system\Database\Seeder.php(149): App\Database\Seeds\DatabaseSeeder->run()
#9 C:\xampp\htdocs\ITE311-GAGNI\system\Commands\Database\Seed.php(79): CodeIgniter\Database\Seeder->call('App\\Database\\Se...')
#10 C:\xampp\htdocs\ITE311-GAGNI\system\CLI\Commands.php(74): CodeIgniter\Commands\Database\Seed->run(Array)
#11 C:\xampp\htdocs\ITE311-GAGNI\system\CLI\Console.php(47): CodeIgniter\CLI\Commands->run('db:seed', Array)
#12 C:\xampp\htdocs\ITE311-GAGNI\system\Boot.php(388): CodeIgniter\CLI\Console->run()
#13 C:\xampp\htdocs\ITE311-GAGNI\system\Boot.php(133): CodeIgniter\Boot::runCommand(Object(CodeIgniter\CLI\Console))
#14 C:\xampp\htdocs\ITE311-GAGNI\spark(87): CodeIgniter\Boot::bootSpark(Object(Config\Paths))
#15 {main}
ERROR - 2025-12-04 23:35:52 --> mysqli_sql_exception: Unknown column 'status' in 'field list' in C:\xampp\htdocs\ITE311-GAGNI\system\Database\MySQLi\Connection.php:327
Stack trace:
#0 C:\xampp\htdocs\ITE311-GAGNI\system\Database\MySQLi\Connection.php(327): mysqli->query('INSERT INTO `us...', 0)
#1 C:\xampp\htdocs\ITE311-GAGNI\system\Database\BaseConnection.php(729): CodeIgniter\Database\MySQLi\Connection->execute('INSERT INTO `us...')
#2 C:\xampp\htdocs\ITE311-GAGNI\system\Database\BaseConnection.php(646): CodeIgniter\Database\BaseConnection->simpleQuery('INSERT INTO `us...')
#3 C:\xampp\htdocs\ITE311-GAGNI\system\Database\BaseBuilder.php(1841): CodeIgniter\Database\BaseConnection->query('INSERT INTO `us...', NULL, false)
#4 C:\xampp\htdocs\ITE311-GAGNI\system\Database\BaseBuilder.php(2230): CodeIgniter\Database\BaseBuilder->batchExecute('_insertBatch', 100)
#5 C:\xampp\htdocs\ITE311-GAGNI\app\Database\Seeds\UserSeeder.php(44): CodeIgniter\Database\BaseBuilder->insertBatch(Array)
#6 C:\xampp\htdocs\ITE311-GAGNI\system\Database\Seeder.php(149): App\Database\Seeds\UserSeeder->run()
#7 C:\xampp\htdocs\ITE311-GAGNI\app\Database\Seeds\DatabaseSeeder.php(12): CodeIgniter\Database\Seeder->call('App\\Database\\Se...')
#8 C:\xampp\htdocs\ITE311-GAGNI\system\Database\Seeder.php(149): App\Database\Seeds\DatabaseSeeder->run()
#9 C:\xampp\htdocs\ITE311-GAGNI\system\Commands\Database\Seed.php(79): CodeIgniter\Database\Seeder->call('App\\Database\\Se...')
#10 C:\xampp\htdocs\ITE311-GAGNI\system\CLI\Commands.php(74): CodeIgniter\Commands\Database\Seed->run(Array)
#11 C:\xampp\htdocs\ITE311-GAGNI\system\CLI\Console.php(47): CodeIgniter\CLI\Commands->run('db:seed', Array)
#12 C:\xampp\htdocs\ITE311-GAGNI\system\Boot.php(388): CodeIgniter\CLI\Console->run()
#13 C:\xampp\htdocs\ITE311-GAGNI\system\Boot.php(133): CodeIgniter\Boot::runCommand(Object(CodeIgniter\CLI\Console))
#14 C:\xampp\htdocs\ITE311-GAGNI\spark(87): CodeIgniter\Boot::bootSpark(Object(Config\Paths))
#15 {main}
ERROR - 2025-12-04 23:36:15 --> mysqli_sql_exception: Unknown column 'username' in 'field list' in C:\xampp\htdocs\ITE311-GAGNI\system\Database\MySQLi\Connection.php:327
Stack trace:
#0 C:\xampp\htdocs\ITE311-GAGNI\system\Database\MySQLi\Connection.php(327): mysqli->query('INSERT INTO `us...', 0)
#1 C:\xampp\htdocs\ITE311-GAGNI\system\Database\BaseConnection.php(729): CodeIgniter\Database\MySQLi\Connection->execute('INSERT INTO `us...')
#2 C:\xampp\htdocs\ITE311-GAGNI\system\Database\BaseConnection.php(646): CodeIgniter\Database\BaseConnection->simpleQuery('INSERT INTO `us...')
#3 C:\xampp\htdocs\ITE311-GAGNI\system\Database\BaseBuilder.php(1841): CodeIgniter\Database\BaseConnection->query('INSERT INTO `us...', NULL, false)
#4 C:\xampp\htdocs\ITE311-GAGNI\system\Database\BaseBuilder.php(2230): CodeIgniter\Database\BaseBuilder->batchExecute('_insertBatch', 100)
#5 C:\xampp\htdocs\ITE311-GAGNI\app\Database\Seeds\UserSeeder.php(41): CodeIgniter\Database\BaseBuilder->insertBatch(Array)
#6 C:\xampp\htdocs\ITE311-GAGNI\system\Database\Seeder.php(149): App\Database\Seeds\UserSeeder->run()
#7 C:\xampp\htdocs\ITE311-GAGNI\app\Database\Seeds\DatabaseSeeder.php(12): CodeIgniter\Database\Seeder->call('App\\Database\\Se...')
#8 C:\xampp\htdocs\ITE311-GAGNI\system\Database\Seeder.php(149): App\Database\Seeds\DatabaseSeeder->run()
#9 C:\xampp\htdocs\ITE311-GAGNI\system\Commands\Database\Seed.php(79): CodeIgniter\Database\Seeder->call('App\\Database\\Se...')
#10 C:\xampp\htdocs\ITE311-GAGNI\system\CLI\Commands.php(74): CodeIgniter\Commands\Database\Seed->run(Array)
#11 C:\xampp\htdocs\ITE311-GAGNI\system\CLI\Console.php(47): CodeIgniter\CLI\Commands->run('db:seed', Array)
#12 C:\xampp\htdocs\ITE311-GAGNI\system\Boot.php(388): CodeIgniter\CLI\Console->run()
#13 C:\xampp\htdocs\ITE311-GAGNI\system\Boot.php(133): CodeIgniter\Boot::runCommand(Object(CodeIgniter\CLI\Console))
#14 C:\xampp\htdocs\ITE311-GAGNI\spark(87): CodeIgniter\Boot::bootSpark(Object(Config\Paths))
#15 {main}
DEBUG - 2025-12-04 23:37:33 --> Session: Class initialized using 'CodeIgniter\Session\Handlers\FileHandler' driver.
INFO - 2025-12-04 23:37:51 --> CSRF token verified.
DEBUG - 2025-12-04 23:37:51 --> Session: Class initialized using 'CodeIgniter\Session\Handlers\FileHandler' driver.
DEBUG - 2025-12-04 23:37:51 --> Session: Class initialized using 'CodeIgniter\Session\Handlers\FileHandler' driver.
DEBUG - 2025-12-04 23:37:52 --> Session: Class initialized using 'CodeIgniter\Session\Handlers\FileHandler' driver.
DEBUG - 2025-12-04 23:37:54 --> Session: Class initialized using 'CodeIgniter\Session\Handlers\FileHandler' driver.
DEBUG - 2025-12-04 23:37:55 --> Session: Class initialized using 'CodeIgniter\Session\Handlers\FileHandler' driver.
DEBUG - 2025-12-04 23:37:56 --> Session: Class initialized using 'CodeIgniter\Session\Handlers\FileHandler' driver.
DEBUG - 2025-12-04 23:37:56 --> Session: Class initialized using 'CodeIgniter\Session\Handlers\FileHandler' driver.
DEBUG - 2025-12-04 23:38:56 --> Session: Class initialized using 'CodeIgniter\Session\Handlers\FileHandler' driver.
DEBUG - 2025-12-04 23:39:56 --> Session: Class initialized using 'CodeIgniter\Session\Handlers\FileHandler' driver.
